#
# A fatal error has been detected by the Java Runtime Environment:
#
#  SIGSEGV (0xb) at pc=0x00007fe2523dc86a, pid=25973, tid=140610024408832
#
# JRE version: Java(TM) SE Runtime Environment (7.0_80-b15) (build 1.7.0_80-b15)
# Java VM: Java HotSpot(TM) 64-Bit Server VM (24.80-b11 mixed mode linux-amd64 compressed oops)
# Problematic frame:
# C  [libmfapi.so+0x186a]  getWTID+0x1d
#
# Failed to write core dump. Core dumps have been disabled. To enable core dumping, try "ulimit -c unlimited" before starting Java again
#
# If you would like to submit a bug report, please visit:
#   http://bugreport.java.com/bugreport/crash.jsp
# The crash happened outside the Java Virtual Machine in native code.
# See problematic frame for where to report the bug.
#

---------------  T H R E A D  ---------------

Current thread (0x00007fe25c250000):  JavaThread "Thread-2" daemon [_thread_in_native, id=25994, stack(0x00007fe2527e8000,0x00007fe2528e9000)]

siginfo:si_signo=SIGSEGV: si_errno=0, si_code=128 (), si_addr=0x0000000000000000

Registers:
RAX=0x6c6f7274002f7365, RBX=0x0000000702b343d8, RCX=0x00007fe2528e7220, RDX=0x0000000073657230
RSP=0x00007fe2528e7130, RBP=0x00007fe2528e7130, RSI=0x0000000073657230, RDI=0x00007fe200002620
R8 =0x0000000000000000, R9 =0x0000000000010102, R10=0x00007fe259012d6c, R11=0x00007fe26415c550
R12=0x0000000000000000, R13=0x0000000702b343d0, R14=0x00007fe2528e7438, R15=0x00007fe25c250000
RIP=0x00007fe2523dc86a, EFLAGS=0x0000000000010206, CSGSFS=0x0000000000000033, ERR=0x0000000000000000
  TRAPNO=0x000000000000000d

Top of Stack: (sp=0x00007fe2528e7130)
0x00007fe2528e7130:   00007fe2528e7160 00007fe2523dc8b1
0x00007fe2528e7140:   736572300000003c 00007fe200002620
0x00007fe2528e7150:   0000000000000000 00007fe200002620
0x00007fe2528e7160:   00007fe2528e71f0 00007fe2523de691
0x00007fe2528e7170:   00007fe2528e7220 0000003c00000000
0x00007fe2528e7180:   00007fe200001710 00007fe200002620
0x00007fe2528e7190:   00000007ad305720 73657230ad31b6a0
0x00007fe2528e71a0:   0000000000000000 0000000702971b49
0x00007fe2528e71b0:   00007fe2528e71f8 0000000000000700
0x00007fe2528e71c0:   000000000000003c 00007fe2523dc747
0x00007fe2528e71d0:   00007fe2528e7220 3ac4684153a7ce00
0x00007fe2528e71e0:   02010100528e7210 0000000702b343d8
0x00007fe2528e71f0:   00007fe2528e7250 00007fe2523de5e2
0x00007fe2528e7200:   000000005c250000 0000003c00010102
0x00007fe2528e7210:   00007fe200001710 00007fe200002620
0x00007fe2528e7220:   0000000000000000 0000000000000000
0x00007fe2528e7230:   0000000002010100 3ac4684153a7ce00
0x00007fe2528e7240:   00007fe2528e7438 0000000702b343d8
0x00007fe2528e7250:   00007fe2528e7360 00007fe2525e51d4
0x00007fe2528e7260:   00007fe2528e7260 0000003c00010102
0x00007fe2528e7270:   00007fe2528e7420 00007fe200002620
0x00007fe2528e7280:   00007fe2528e7438 00007fe25c2501e8
0x00007fe2528e7290:   0000000000000000 00000000018e72b0
0x00007fe2528e72a0:   00007fe20000003c 00007fe200002620
0x00007fe2528e72b0:   00007fe200002620 00007fe200001710
0x00007fe2528e72c0:   00007fe2528e72c0 0000000702ad0901
0x00007fe2528e72d0:   00007fe2528e7320 0000000702ad5408
0x00007fe2528e72e0:   0000000000000000 0000000702ad0950
0x00007fe2528e72f0:   0000000000000000 00007fe2528e7310
0x00007fe2528e7300:   00007fe2528e7368 000000000000005b
0x00007fe2528e7310:   00007fe2528e7310 0000000702aee258
0x00007fe2528e7320:   00007fe2528e7368 0000000702aee550 

Instructions: (pc=0x00007fe2523dc86a)
0x00007fe2523dc84a:   00 5d c3 55 48 89 e5 48 89 7d e8 89 75 e4 48 8b
0x00007fe2523dc85a:   45 e8 48 8b 40 38 48 89 45 f8 eb 1d 48 8b 45 f8
0x00007fe2523dc86a:   8b 00 3b 45 e4 75 06 48 8b 45 f8 eb 18 48 8b 45
0x00007fe2523dc87a:   f8 48 8b 40 60 48 89 45 f8 48 83 7d f8 00 75 dc 

Register to memory mapping:

RAX=0x6c6f7274002f7365 is an unknown value
RBX=0x0000000702b343d8 is an oop
{method} 
 - klass: {other class}
RCX=0x00007fe2528e7220 is pointing into the stack for thread: 0x00007fe25c250000
RDX=0x0000000073657230 is an unknown value
RSP=0x00007fe2528e7130 is pointing into the stack for thread: 0x00007fe25c250000
RBP=0x00007fe2528e7130 is pointing into the stack for thread: 0x00007fe25c250000
RSI=0x0000000073657230 is an unknown value
RDI=0x00007fe200002620 is an unknown value
R8 =0x0000000000000000 is an unknown value
R9 =0x0000000000010102 is an unknown value
R10=0x00007fe259012d6c is at code_begin+620 in an Interpreter codelet
method entry point (kind = native)  [0x00007fe259012b00, 0x00007fe259013360]  2144 bytes
R11=0x00007fe26415c550: <offset 0x187550> in /lib/x86_64-linux-gnu/libc.so.6 at 0x00007fe263fd5000
R12=0x0000000000000000 is an unknown value
R13=0x0000000702b343d0 is pointing into object: 0x0000000702b34390
{constMethod} 
 - klass: {other class}
 - constants:       0x0000000702b33bf0 constant pool [142] for 'edu/rutgers/winlab/jmfapi/JMFAPI' cache=0x0000000702b36e58
R14=0x00007fe2528e7438 is pointing into the stack for thread: 0x00007fe25c250000
R15=0x00007fe25c250000 is a thread


Stack: [0x00007fe2527e8000,0x00007fe2528e9000],  sp=0x00007fe2528e7130,  free space=1020k
Native frames: (J=compiled Java code, j=interpreted, Vv=VM code, C=native code)
C  [libmfapi.so+0x186a]  getWTID+0x1d
C  [libmfapi.so+0x18b1]  createWTID+0x20
C  [libmfapi.so+0x3691]  mfsendG+0x94
C  [libmfapi.so+0x35e2]  mfsend+0x64
C  [libmfapi_jni.so+0x11d4]  Java_edu_rutgers_winlab_jmfapi_JMFAPI_mfsend+0x13b
j  edu.rutgers.winlab.jmfapi.JMFAPI.mfsend(J[BIII)I+0
j  edu.rutgers.winlab.jmfapi.JMFAPI.jmfsend([BILedu/rutgers/winlab/jmfapi/GUID;)I+34
j  edu.rutgers.winlab.mfiot.mfiotgateway.MFIoTGateway$2.handlePacket(Ledu/rutgers/winlab/mfiot/mfiotconnector/PacketMessageType;Ledu/rutgers/winlab/mfiot/packets/Packet;)V+226
j  edu.rutgers.winlab.mfiot.mfiotconnector.MFIoTConnector.firePacketEvent(Ledu/rutgers/winlab/mfiot/mfiotconnector/PacketMessageType;Ledu/rutgers/winlab/mfiot/packets/Packet;)V+32
j  edu.rutgers.winlab.mfiot.mfiotconnector.MFIoTConnector.access$200(Ledu/rutgers/winlab/mfiot/mfiotconnector/MFIoTConnector;Ledu/rutgers/winlab/mfiot/mfiotconnector/PacketMessageType;Ledu/rutgers/winlab/mfiot/packets/Packet;)V+3
j  edu.rutgers.winlab.mfiot.mfiotconnector.MFIoTConnector$ListenThread.run()V+286
j  java.lang.Thread.run()V+11
v  ~StubRoutines::call_stub
V  [libjvm.so+0x6020a5]  JavaCalls::call_helper(JavaValue*, methodHandle*, JavaCallArguments*, Thread*)+0x365
V  [libjvm.so+0x600b08]  JavaCalls::call(JavaValue*, methodHandle, JavaCallArguments*, Thread*)+0x28
V  [libjvm.so+0x600dd7]  JavaCalls::call_virtual(JavaValue*, KlassHandle, Symbol*, Symbol*, JavaCallArguments*, Thread*)+0x197
V  [libjvm.so+0x600ef7]  JavaCalls::call_virtual(JavaValue*, Handle, KlassHandle, Symbol*, Symbol*, Thread*)+0x47
V  [libjvm.so+0x67f8d5]  thread_entry(JavaThread*, Thread*)+0xe5
V  [libjvm.so+0x95bfff]  JavaThread::thread_main_inner()+0xdf
V  [libjvm.so+0x95c105]  JavaThread::run()+0xf5
V  [libjvm.so+0x8238c8]  java_start(Thread*)+0x108

Java frames: (J=compiled Java code, j=interpreted, Vv=VM code)
j  edu.rutgers.winlab.jmfapi.JMFAPI.mfsend(J[BIII)I+0
j  edu.rutgers.winlab.jmfapi.JMFAPI.jmfsend([BILedu/rutgers/winlab/jmfapi/GUID;)I+34
j  edu.rutgers.winlab.mfiot.mfiotgateway.MFIoTGateway$2.handlePacket(Ledu/rutgers/winlab/mfiot/mfiotconnector/PacketMessageType;Ledu/rutgers/winlab/mfiot/packets/Packet;)V+226
j  edu.rutgers.winlab.mfiot.mfiotconnector.MFIoTConnector.firePacketEvent(Ledu/rutgers/winlab/mfiot/mfiotconnector/PacketMessageType;Ledu/rutgers/winlab/mfiot/packets/Packet;)V+32
j  edu.rutgers.winlab.mfiot.mfiotconnector.MFIoTConnector.access$200(Ledu/rutgers/winlab/mfiot/mfiotconnector/MFIoTConnector;Ledu/rutgers/winlab/mfiot/mfiotconnector/PacketMessageType;Ledu/rutgers/winlab/mfiot/packets/Packet;)V+3
j  edu.rutgers.winlab.mfiot.mfiotconnector.MFIoTConnector$ListenThread.run()V+286
j  java.lang.Thread.run()V+11
v  ~StubRoutines::call_stub

---------------  P R O C E S S  ---------------

Java Threads: ( => current thread )
=>0x00007fe25c250000 JavaThread "Thread-2" daemon [_thread_in_native, id=25994, stack(0x00007fe2527e8000,0x00007fe2528e9000)]
  0x00007fe25c24d800 JavaThread "Thread-1" daemon [_thread_in_native, id=25993, stack(0x00007fe2528e9000,0x00007fe2529ea000)]
  0x00007fe25c231800 JavaThread "process reaper" daemon [_thread_in_native, id=25992, stack(0x00007fe260001000,0x00007fe26003a000)]
  0x00007fe25c1e7800 JavaThread "Service Thread" daemon [_thread_blocked, id=25989, stack(0x00007fe252aeb000,0x00007fe252bec000)]
  0x00007fe25c1e5000 JavaThread "C2 CompilerThread1" daemon [_thread_blocked, id=25988, stack(0x00007fe252bec000,0x00007fe252ced000)]
  0x00007fe25c1e2000 JavaThread "C2 CompilerThread0" daemon [_thread_blocked, id=25987, stack(0x00007fe252ced000,0x00007fe252dee000)]
  0x00007fe25c1e0000 JavaThread "Signal Dispatcher" daemon [_thread_blocked, id=25986, stack(0x00007fe252dee000,0x00007fe252eef000)]
  0x00007fe25c1bf800 JavaThread "Finalizer" daemon [_thread_blocked, id=25985, stack(0x00007fe252eef000,0x00007fe252ff0000)]
  0x00007fe25c1bd800 JavaThread "Reference Handler" daemon [_thread_blocked, id=25984, stack(0x00007fe252ff0000,0x00007fe2530f1000)]
  0x00007fe25c009800 JavaThread "main" [_thread_blocked, id=25974, stack(0x00007fe264adb000,0x00007fe264bdc000)]

Other Threads:
  0x00007fe25c1b9800 VMThread [stack: 0x00007fe2530f1000,0x00007fe2531f2000] [id=25983]
  0x00007fe25c1f2000 WatcherThread [stack: 0x00007fe2529ea000,0x00007fe252aeb000] [id=25990]

VM state:not at safepoint (normal execution)

VM Mutex/Monitor currently owned by a thread: None

Heap
 PSYoungGen      total 74752K, used 5161K [0x00000007ad300000, 0x00000007b2600000, 0x0000000800000000)
  eden space 64512K, 8% used [0x00000007ad300000,0x00000007ad80a548,0x00000007b1200000)
  from space 10240K, 0% used [0x00000007b1c00000,0x00000007b1c00000,0x00000007b2600000)
  to   space 10240K, 0% used [0x00000007b1200000,0x00000007b1200000,0x00000007b1c00000)
 ParOldGen       total 169472K, used 0K [0x0000000707a00000, 0x0000000711f80000, 0x00000007ad300000)
  object space 169472K, 0% used [0x0000000707a00000,0x0000000707a00000,0x0000000711f80000)
 PSPermGen       total 21504K, used 4235K [0x0000000702800000, 0x0000000703d00000, 0x0000000707a00000)
  object space 21504K, 19% used [0x0000000702800000,0x0000000702c22ff8,0x0000000703d00000)

Card table byte_map: [0x00007fe2615d4000,0x00007fe261dc1000] byte_map_base: 0x00007fe25ddc0000

Polling page: 0x00007fe264bf0000

Code Cache  [0x00007fe259000000, 0x00007fe259270000, 0x00007fe25c000000)
 total_blobs=240 nmethods=15 adapters=178 free_code_cache=48718Kb largest_free_block=49865920

Compilation events (10 events):
Event: 11.689 Thread 0x00007fe25c1e5000 nmethod 9 0x00007fe2590644d0 code [0x00007fe259064600, 0x00007fe259064698]
Event: 13.695 Thread 0x00007fe25c1e2000   10             java.util.Formatter$Flags::valueOf (5 bytes)
Event: 13.695 Thread 0x00007fe25c1e2000 nmethod 10 0x00007fe25906a050 code [0x00007fe25906a180, 0x00007fe25906a1d8]
Event: 122.510 Thread 0x00007fe25c1e2000   12             java.lang.String::hashCode (55 bytes)
Event: 122.512 Thread 0x00007fe25c1e2000 nmethod 12 0x00007fe259066710 code [0x00007fe259066860, 0x00007fe2590669d8]
Event: 123.469 Thread 0x00007fe25c1e5000   13             java.lang.String::length (6 bytes)
Event: 123.469 Thread 0x00007fe25c1e5000 nmethod 13 0x00007fe25906b450 code [0x00007fe25906b580, 0x00007fe25906b5f8]
Event: 123.491 Thread 0x00007fe25c1e2000   14 % !         java.io.BufferedReader::readLine @ 131 (304 bytes)
Event: 123.496 Thread 0x00007fe25c1e2000 nmethod 14% 0x00007fe25906a990 code [0x00007fe25906ab00, 0x00007fe25906b108]
Event: 123.500 Thread 0x00007fe25c1e5000   15   !         java.io.BufferedReader::readLine (304 bytes)

GC Heap History (0 events):
No events

Deoptimization events (2 events):
Event: 122.510 Thread 0x00007fe25c250000 Uncommon trap: reason=unstable_if action=reinterpret pc=0x00007fe25906319c method=java.lang.String.indexOf([CII[CIII)I @ 3
Event: 122.514 Thread 0x00007fe25c250000 Uncommon trap: reason=unstable_if action=reinterpret pc=0x00007fe2590673f4 method=java.io.BufferedReader.readLine(Z)Ljava/lang/String; @ 40

Internal exceptions (10 events):
Event: 122.506 Thread 0x00007fe25c250000 Threw 0x00000007ad78f788 at /HUDSON/workspace/7u-2-build-linux-amd64/jdk7u80/2329/hotspot/src/share/vm/prims/jni.cpp:743
Event: 122.514 Thread 0x00007fe25c250000 Threw 0x00000007ad7a7000 at /HUDSON/workspace/7u-2-build-linux-amd64/jdk7u80/2329/hotspot/src/share/vm/prims/jvm.cpp:1319
Event: 122.514 Thread 0x00007fe25c250000 Threw 0x00000007ad7a74a0 at /HUDSON/workspace/7u-2-build-linux-amd64/jdk7u80/2329/hotspot/src/share/vm/prims/jvm.cpp:1319
Event: 122.515 Thread 0x00007fe25c250000 Threw 0x00000007ad7b7878 at /HUDSON/workspace/7u-2-build-linux-amd64/jdk7u80/2329/hotspot/src/share/vm/prims/jvm.cpp:1319
Event: 122.515 Thread 0x00007fe25c250000 Threw 0x00000007ad7b7aa0 at /HUDSON/workspace/7u-2-build-linux-amd64/jdk7u80/2329/hotspot/src/share/vm/prims/jvm.cpp:1319
Event: 122.516 Thread 0x00007fe25c250000 Threw 0x00000007ad7b9b30 at /HUDSON/workspace/7u-2-build-linux-amd64/jdk7u80/2329/hotspot/src/share/vm/prims/jvm.cpp:1319
Event: 122.516 Thread 0x00007fe25c250000 Threw 0x00000007ad7b9d58 at /HUDSON/workspace/7u-2-build-linux-amd64/jdk7u80/2329/hotspot/src/share/vm/prims/jvm.cpp:1319
Event: 122.516 Thread 0x00007fe25c250000 Threw 0x00000007ad7ba938 at /HUDSON/workspace/7u-2-build-linux-amd64/jdk7u80/2329/hotspot/src/share/vm/prims/jvm.cpp:1319
Event: 122.516 Thread 0x00007fe25c250000 Threw 0x00000007ad7badf0 at /HUDSON/workspace/7u-2-build-linux-amd64/jdk7u80/2329/hotspot/src/share/vm/prims/jvm.cpp:1319
Event: 122.861 Thread 0x00007fe25c250000 Threw 0x00000007ad7d99d0 at /HUDSON/workspace/7u-2-build-linux-amd64/jdk7u80/2329/hotspot/src/share/vm/prims/jni.cpp:743

Events (10 events):
Event: 122.523 loading class 0x00007fe258fb29b0
Event: 122.523 loading class 0x00007fe258fb29b0 done
Event: 122.523 loading class 0x00007fe21802b050
Event: 122.523 loading class 0x00007fe21802b050 done
Event: 122.523 loading class 0x00007fe2000231e0
Event: 122.523 loading class 0x00007fe2000231e0 done
Event: 122.524 loading class 0x00007fe200061510
Event: 122.524 loading class 0x00007fe200061510 done
Event: 122.524 loading class 0x00007fe200061570
Event: 122.524 loading class 0x00007fe200061570 done


Dynamic libraries:
00400000-00401000 r-xp 00000000 08:01 1191491                            /usr/lib/jvm/java-7-oracle/jre/bin/java
00600000-00601000 rw-p 00000000 08:01 1191491                            /usr/lib/jvm/java-7-oracle/jre/bin/java
00f25000-00f46000 rw-p 00000000 00:00 0                                  [heap]
702800000-703d00000 rw-p 00000000 00:00 0 
703d00000-707a00000 rw-p 00000000 00:00 0 
707a00000-711f80000 rw-p 00000000 00:00 0 
711f80000-7ad300000 rw-p 00000000 00:00 0 
7ad300000-7b2600000 rw-p 00000000 00:00 0 
7b2600000-800000000 rw-p 00000000 00:00 0 
7fe1fc000000-7fe1fc021000 rw-p 00000000 00:00 0 
7fe1fc021000-7fe200000000 ---p 00000000 00:00 0 
7fe200000000-7fe20006b000 rw-p 00000000 00:00 0 
7fe20006b000-7fe204000000 ---p 00000000 00:00 0 
7fe204000000-7fe204021000 rw-p 00000000 00:00 0 
7fe204021000-7fe208000000 ---p 00000000 00:00 0 
7fe208000000-7fe208021000 rw-p 00000000 00:00 0 
7fe208021000-7fe20c000000 ---p 00000000 00:00 0 
7fe20c000000-7fe20c0e3000 rw-p 00000000 00:00 0 
7fe20c0e3000-7fe210000000 ---p 00000000 00:00 0 
7fe210000000-7fe210021000 rw-p 00000000 00:00 0 
7fe210021000-7fe214000000 ---p 00000000 00:00 0 
7fe214000000-7fe214021000 rw-p 00000000 00:00 0 
7fe214021000-7fe218000000 ---p 00000000 00:00 0 
7fe218000000-7fe218118000 rw-p 00000000 00:00 0 
7fe218118000-7fe21c000000 ---p 00000000 00:00 0 
7fe21c000000-7fe21c021000 rw-p 00000000 00:00 0 
7fe21c021000-7fe220000000 ---p 00000000 00:00 0 
7fe220000000-7fe220021000 rw-p 00000000 00:00 0 
7fe220021000-7fe224000000 ---p 00000000 00:00 0 
7fe224000000-7fe224021000 rw-p 00000000 00:00 0 
7fe224021000-7fe228000000 ---p 00000000 00:00 0 
7fe228140000-7fe230000000 rw-p 00000000 00:00 0 
7fe230000000-7fe230021000 rw-p 00000000 00:00 0 
7fe230021000-7fe234000000 ---p 00000000 00:00 0 
7fe234000000-7fe234021000 rw-p 00000000 00:00 0 
7fe234021000-7fe238000000 ---p 00000000 00:00 0 
7fe238000000-7fe238021000 rw-p 00000000 00:00 0 
7fe238021000-7fe23c000000 ---p 00000000 00:00 0 
7fe23c000000-7fe23c021000 rw-p 00000000 00:00 0 
7fe23c021000-7fe240000000 ---p 00000000 00:00 0 
7fe240000000-7fe240021000 rw-p 00000000 00:00 0 
7fe240021000-7fe244000000 ---p 00000000 00:00 0 
7fe248000000-7fe248021000 rw-p 00000000 00:00 0 
7fe248021000-7fe24c000000 ---p 00000000 00:00 0 
7fe24c000000-7fe24c021000 rw-p 00000000 00:00 0 
7fe24c021000-7fe250000000 ---p 00000000 00:00 0 
7fe251d6a000-7fe251fb3000 rw-p 00000000 00:00 0 
7fe251fb3000-7fe251fca000 r-xp 00000000 08:01 1191300                    /usr/lib/jvm/java-7-oracle/jre/lib/amd64/libnet.so
7fe251fca000-7fe2521c9000 ---p 00017000 08:01 1191300                    /usr/lib/jvm/java-7-oracle/jre/lib/amd64/libnet.so
7fe2521c9000-7fe2521ca000 rw-p 00016000 08:01 1191300                    /usr/lib/jvm/java-7-oracle/jre/lib/amd64/libnet.so
7fe2521ca000-7fe2521da000 r-xp 00000000 08:01 1191343                    /usr/lib/jvm/java-7-oracle/jre/lib/amd64/libnio.so
7fe2521da000-7fe2523da000 ---p 00010000 08:01 1191343                    /usr/lib/jvm/java-7-oracle/jre/lib/amd64/libnio.so
7fe2523da000-7fe2523db000 rw-p 00010000 08:01 1191343                    /usr/lib/jvm/java-7-oracle/jre/lib/amd64/libnio.so
7fe2523db000-7fe2523e3000 r-xp 00000000 08:01 1135021                    /usr/lib/libmfapi.so
7fe2523e3000-7fe2525e2000 ---p 00008000 08:01 1135021                    /usr/lib/libmfapi.so
7fe2525e2000-7fe2525e3000 r--p 00007000 08:01 1135021                    /usr/lib/libmfapi.so
7fe2525e3000-7fe2525e4000 rw-p 00008000 08:01 1135021                    /usr/lib/libmfapi.so
7fe2525e4000-7fe2525e6000 r-xp 00000000 08:01 1135022                    /usr/lib/libmfapi_jni.so
7fe2525e6000-7fe2527e6000 ---p 00002000 08:01 1135022                    /usr/lib/libmfapi_jni.so
7fe2527e6000-7fe2527e7000 r--p 00002000 08:01 1135022                    /usr/lib/libmfapi_jni.so
7fe2527e7000-7fe2527e8000 rw-p 00003000 08:01 1135022                    /usr/lib/libmfapi_jni.so
7fe2527e8000-7fe2527eb000 ---p 00000000 00:00 0 
7fe2527eb000-7fe2528e9000 rw-p 00000000 00:00 0                          [stack:25994]
7fe2528e9000-7fe2528ec000 ---p 00000000 00:00 0 
7fe2528ec000-7fe2529ea000 rw-p 00000000 00:00 0                          [stack:25993]
7fe2529ea000-7fe2529eb000 ---p 00000000 00:00 0 
7fe2529eb000-7fe252aeb000 rw-p 00000000 00:00 0                          [stack:25990]
7fe252aeb000-7fe252aee000 ---p 00000000 00:00 0 
7fe252aee000-7fe252bec000 rw-p 00000000 00:00 0                          [stack:25989]
7fe252bec000-7fe252bef000 ---p 00000000 00:00 0 
7fe252bef000-7fe252ced000 rw-p 00000000 00:00 0                          [stack:25988]
7fe252ced000-7fe252cf0000 ---p 00000000 00:00 0 
7fe252cf0000-7fe252dee000 rw-p 00000000 00:00 0                          [stack:25987]
7fe252dee000-7fe252df1000 ---p 00000000 00:00 0 
7fe252df1000-7fe252eef000 rw-p 00000000 00:00 0                          [stack:25986]
7fe252eef000-7fe252ef2000 ---p 00000000 00:00 0 
7fe252ef2000-7fe252ff0000 rw-p 00000000 00:00 0                          [stack:25985]
7fe252ff0000-7fe252ff3000 ---p 00000000 00:00 0 
7fe252ff3000-7fe2530f1000 rw-p 00000000 00:00 0                          [stack:25984]
7fe2530f1000-7fe2530f2000 ---p 00000000 00:00 0 
7fe2530f2000-7fe254000000 rw-p 00000000 00:00 0                          [stack:25983]
7fe254000000-7fe254021000 rw-p 00000000 00:00 0 
7fe254021000-7fe258000000 ---p 00000000 00:00 0 
7fe258017000-7fe258d6f000 rw-p 00000000 00:00 0 
7fe258d6f000-7fe258f2f000 r--s 039fb000 08:01 1191290                    /usr/lib/jvm/java-7-oracle/jre/lib/rt.jar
7fe258f2f000-7fe259000000 rw-p 00000000 00:00 0 
7fe259000000-7fe259270000 rwxp 00000000 00:00 0 
7fe259270000-7fe25c255000 rw-p 00000000 00:00 0 
7fe25c255000-7fe260000000 ---p 00000000 00:00 0 
7fe260001000-7fe260004000 ---p 00000000 00:00 0 
7fe260004000-7fe260876000 rw-p 00000000 00:00 0                          [stack:25992]
7fe260876000-7fe260877000 ---p 00000000 00:00 0 
7fe260877000-7fe260977000 rw-p 00000000 00:00 0                          [stack:25982]
7fe260977000-7fe260978000 ---p 00000000 00:00 0 
7fe260978000-7fe260a78000 rw-p 00000000 00:00 0                          [stack:25981]
7fe260a78000-7fe260a79000 ---p 00000000 00:00 0 
7fe260a79000-7fe260b79000 rw-p 00000000 00:00 0                          [stack:25980]
7fe260b79000-7fe260b7a000 ---p 00000000 00:00 0 
7fe260b7a000-7fe260c7a000 rw-p 00000000 00:00 0                          [stack:25979]
7fe260c7a000-7fe260c7b000 ---p 00000000 00:00 0 
7fe260c7b000-7fe260d7b000 rw-p 00000000 00:00 0                          [stack:25978]
7fe260d7b000-7fe260d7c000 ---p 00000000 00:00 0 
7fe260d7c000-7fe260e7c000 rw-p 00000000 00:00 0                          [stack:25977]
7fe260e7c000-7fe260e7d000 ---p 00000000 00:00 0 
7fe260e7d000-7fe260f7d000 rw-p 00000000 00:00 0                          [stack:25976]
7fe260f7d000-7fe260f7e000 ---p 00000000 00:00 0 
7fe260f7e000-7fe261089000 rw-p 00000000 00:00 0                          [stack:25975]
7fe261089000-7fe2610a7000 rw-p 00000000 00:00 0 
7fe2610a7000-7fe2610fa000 rw-p 00000000 00:00 0 
7fe2610fa000-7fe2615d4000 rw-p 00000000 00:00 0 
7fe2615d4000-7fe2615df000 rw-p 00000000 00:00 0 
7fe2615df000-7fe2615fd000 rw-p 00000000 00:00 0 
7fe2615fd000-7fe261650000 rw-p 00000000 00:00 0 
7fe261650000-7fe261b29000 rw-p 00000000 00:00 0 
7fe261b29000-7fe261b53000 rw-p 00000000 00:00 0 
7fe261b53000-7fe261dc0000 rw-p 00000000 00:00 0 
7fe261dc0000-7fe261dc1000 rw-p 00000000 00:00 0 
7fe261dc1000-7fe261dd8000 r-xp 00000000 08:01 1191327                    /usr/lib/jvm/java-7-oracle/jre/lib/amd64/libzip.so
7fe261dd8000-7fe261fd8000 ---p 00017000 08:01 1191327                    /usr/lib/jvm/java-7-oracle/jre/lib/amd64/libzip.so
7fe261fd8000-7fe261fd9000 rw-p 00017000 08:01 1191327                    /usr/lib/jvm/java-7-oracle/jre/lib/amd64/libzip.so
7fe261fd9000-7fe261fe3000 r-xp 00000000 08:01 837449                     /lib/x86_64-linux-gnu/libnss_files-2.19.so
7fe261fe3000-7fe2621e2000 ---p 0000a000 08:01 837449                     /lib/x86_64-linux-gnu/libnss_files-2.19.so
7fe2621e2000-7fe2621e3000 r--p 00009000 08:01 837449                     /lib/x86_64-linux-gnu/libnss_files-2.19.so
7fe2621e3000-7fe2621e4000 rw-p 0000a000 08:01 837449                     /lib/x86_64-linux-gnu/libnss_files-2.19.so
7fe2621e4000-7fe2621ef000 r-xp 00000000 08:01 837390                     /lib/x86_64-linux-gnu/libnss_nis-2.19.so
7fe2621ef000-7fe2623ee000 ---p 0000b000 08:01 837390                     /lib/x86_64-linux-gnu/libnss_nis-2.19.so
7fe2623ee000-7fe2623ef000 r--p 0000a000 08:01 837390                     /lib/x86_64-linux-gnu/libnss_nis-2.19.so
7fe2623ef000-7fe2623f0000 rw-p 0000b000 08:01 837390                     /lib/x86_64-linux-gnu/libnss_nis-2.19.so
7fe2623f0000-7fe262407000 r-xp 00000000 08:01 837372                     /lib/x86_64-linux-gnu/libnsl-2.19.so
7fe262407000-7fe262606000 ---p 00017000 08:01 837372                     /lib/x86_64-linux-gnu/libnsl-2.19.so
7fe262606000-7fe262607000 r--p 00016000 08:01 837372                     /lib/x86_64-linux-gnu/libnsl-2.19.so
7fe262607000-7fe262608000 rw-p 00017000 08:01 837372                     /lib/x86_64-linux-gnu/libnsl-2.19.so
7fe262608000-7fe26260a000 rw-p 00000000 00:00 0 
7fe26260a000-7fe262613000 r-xp 00000000 08:01 837364                     /lib/x86_64-linux-gnu/libnss_compat-2.19.so
7fe262613000-7fe262812000 ---p 00009000 08:01 837364                     /lib/x86_64-linux-gnu/libnss_compat-2.19.so
7fe262812000-7fe262813000 r--p 00008000 08:01 837364                     /lib/x86_64-linux-gnu/libnss_compat-2.19.so
7fe262813000-7fe262814000 rw-p 00009000 08:01 837364                     /lib/x86_64-linux-gnu/libnss_compat-2.19.so
7fe262814000-7fe26283d000 r-xp 00000000 08:01 1191335                    /usr/lib/jvm/java-7-oracle/jre/lib/amd64/libjava.so
7fe26283d000-7fe262a3d000 ---p 00029000 08:01 1191335                    /usr/lib/jvm/java-7-oracle/jre/lib/amd64/libjava.so
7fe262a3d000-7fe262a3f000 rw-p 00029000 08:01 1191335                    /usr/lib/jvm/java-7-oracle/jre/lib/amd64/libjava.so
7fe262a3f000-7fe262a4c000 r-xp 00000000 08:01 1191345                    /usr/lib/jvm/java-7-oracle/jre/lib/amd64/libverify.so
7fe262a4c000-7fe262c4b000 ---p 0000d000 08:01 1191345                    /usr/lib/jvm/java-7-oracle/jre/lib/amd64/libverify.so
7fe262c4b000-7fe262c4d000 rw-p 0000c000 08:01 1191345                    /usr/lib/jvm/java-7-oracle/jre/lib/amd64/libverify.so
7fe262c4d000-7fe262c54000 r-xp 00000000 08:01 837401                     /lib/x86_64-linux-gnu/librt-2.19.so
7fe262c54000-7fe262e53000 ---p 00007000 08:01 837401                     /lib/x86_64-linux-gnu/librt-2.19.so
7fe262e53000-7fe262e54000 r--p 00006000 08:01 837401                     /lib/x86_64-linux-gnu/librt-2.19.so
7fe262e54000-7fe262e55000 rw-p 00007000 08:01 837401                     /lib/x86_64-linux-gnu/librt-2.19.so
7fe262e55000-7fe262f5a000 r-xp 00000000 08:01 837338                     /lib/x86_64-linux-gnu/libm-2.19.so
7fe262f5a000-7fe263159000 ---p 00105000 08:01 837338                     /lib/x86_64-linux-gnu/libm-2.19.so
7fe263159000-7fe26315a000 r--p 00104000 08:01 837338                     /lib/x86_64-linux-gnu/libm-2.19.so
7fe26315a000-7fe26315b000 rw-p 00105000 08:01 837338                     /lib/x86_64-linux-gnu/libm-2.19.so
7fe26315b000-7fe263cd1000 r-xp 00000000 08:01 1191295                    /usr/lib/jvm/java-7-oracle/jre/lib/amd64/server/libjvm.so
7fe263cd1000-7fe263ed0000 ---p 00b76000 08:01 1191295                    /usr/lib/jvm/java-7-oracle/jre/lib/amd64/server/libjvm.so
7fe263ed0000-7fe263f94000 rw-p 00b75000 08:01 1191295                    /usr/lib/jvm/java-7-oracle/jre/lib/amd64/server/libjvm.so
7fe263f94000-7fe263fd5000 rw-p 00000000 00:00 0 
7fe263fd5000-7fe26418f000 r-xp 00000000 08:01 837405                     /lib/x86_64-linux-gnu/libc-2.19.so
7fe26418f000-7fe26438f000 ---p 001ba000 08:01 837405                     /lib/x86_64-linux-gnu/libc-2.19.so
7fe26438f000-7fe264393000 r--p 001ba000 08:01 837405                     /lib/x86_64-linux-gnu/libc-2.19.so
7fe264393000-7fe264395000 rw-p 001be000 08:01 837405                     /lib/x86_64-linux-gnu/libc-2.19.so
7fe264395000-7fe26439a000 rw-p 00000000 00:00 0 
7fe26439a000-7fe26439d000 r-xp 00000000 08:01 837343                     /lib/x86_64-linux-gnu/libdl-2.19.so
7fe26439d000-7fe26459c000 ---p 00003000 08:01 837343                     /lib/x86_64-linux-gnu/libdl-2.19.so
7fe26459c000-7fe26459d000 r--p 00002000 08:01 837343                     /lib/x86_64-linux-gnu/libdl-2.19.so
7fe26459d000-7fe26459e000 rw-p 00003000 08:01 837343                     /lib/x86_64-linux-gnu/libdl-2.19.so
7fe26459e000-7fe2645b3000 r-xp 00000000 08:01 1191314                    /usr/lib/jvm/java-7-oracle/jre/lib/amd64/jli/libjli.so
7fe2645b3000-7fe2647b2000 ---p 00015000 08:01 1191314                    /usr/lib/jvm/java-7-oracle/jre/lib/amd64/jli/libjli.so
7fe2647b2000-7fe2647b3000 rw-p 00014000 08:01 1191314                    /usr/lib/jvm/java-7-oracle/jre/lib/amd64/jli/libjli.so
7fe2647b3000-7fe2647cc000 r-xp 00000000 08:01 837384                     /lib/x86_64-linux-gnu/libpthread-2.19.so
7fe2647cc000-7fe2649cb000 ---p 00019000 08:01 837384                     /lib/x86_64-linux-gnu/libpthread-2.19.so
7fe2649cb000-7fe2649cc000 r--p 00018000 08:01 837384                     /lib/x86_64-linux-gnu/libpthread-2.19.so
7fe2649cc000-7fe2649cd000 rw-p 00019000 08:01 837384                     /lib/x86_64-linux-gnu/libpthread-2.19.so
7fe2649cd000-7fe2649d1000 rw-p 00000000 00:00 0 
7fe2649d1000-7fe2649f4000 r-xp 00000000 08:01 837385                     /lib/x86_64-linux-gnu/ld-2.19.so
7fe264a1a000-7fe264a25000 rw-p 00000000 00:00 0 
7fe264a25000-7fe264adb000 rw-p 00000000 00:00 0 
7fe264adb000-7fe264ade000 ---p 00000000 00:00 0 
7fe264ade000-7fe264be1000 rw-p 00000000 00:00 0                          [stack:25974]
7fe264be1000-7fe264be5000 r--s 000f7000 08:01 1191450                    /usr/lib/jvm/java-7-oracle/jre/lib/ext/localedata.jar
7fe264be5000-7fe264be7000 r--s 0000b000 08:01 996392                     /root/Downloads/Java/MFIoTGateway/target/MFIoTGateway-1.0-SNAPSHOT-jar-with-dependencies.jar
7fe264be7000-7fe264bef000 rw-s 00000000 08:01 98527                      /tmp/hsperfdata_root/25973
7fe264bef000-7fe264bf0000 rw-p 00000000 00:00 0 
7fe264bf0000-7fe264bf1000 r--p 00000000 00:00 0 
7fe264bf1000-7fe264bf3000 rw-p 00000000 00:00 0 
7fe264bf3000-7fe264bf4000 r--p 00022000 08:01 837385                     /lib/x86_64-linux-gnu/ld-2.19.so
7fe264bf4000-7fe264bf5000 rw-p 00023000 08:01 837385                     /lib/x86_64-linux-gnu/ld-2.19.so
7fe264bf5000-7fe264bf6000 rw-p 00000000 00:00 0 
7ffe78a4c000-7ffe78a6d000 rw-p 00000000 00:00 0                          [stack]
7ffe78b62000-7ffe78b64000 r-xp 00000000 00:00 0                          [vdso]
ffffffffff600000-ffffffffff601000 r-xp 00000000 00:00 0                  [vsyscall]

VM Arguments:
java_command: target/MFIoTGateway-1.0-SNAPSHOT-jar-with-dependencies.jar
Launcher Type: SUN_STANDARD

Environment Variables:
PATH=/usr/local/sbin:/usr/local/bin:/usr/sbin:/usr/bin:/sbin:/bin:/snap/bin
USERNAME=root
SHELL=/bin/bash
DISPLAY=localhost:14.0

Signal Handlers:
SIGSEGV: [libjvm.so+0x9a3b20], sa_mask[0]=0x7ffbfeff, sa_flags=0x10000004
SIGBUS: [libjvm.so+0x9a3b20], sa_mask[0]=0x7ffbfeff, sa_flags=0x10000004
SIGFPE: [libjvm.so+0x81e740], sa_mask[0]=0x7ffbfeff, sa_flags=0x10000004
SIGPIPE: [libjvm.so+0x81e740], sa_mask[0]=0x7ffbfeff, sa_flags=0x10000004
SIGXFSZ: [libjvm.so+0x81e740], sa_mask[0]=0x7ffbfeff, sa_flags=0x10000004
SIGILL: [libjvm.so+0x81e740], sa_mask[0]=0x7ffbfeff, sa_flags=0x10000004
SIGUSR1: SIG_DFL, sa_mask[0]=0x00000000, sa_flags=0x00000000
SIGUSR2: [libjvm.so+0x81ffb0], sa_mask[0]=0x00000000, sa_flags=0x10000004
SIGHUP: [libjvm.so+0x8210d0], sa_mask[0]=0x7ffbfeff, sa_flags=0x10000004
SIGINT: [libjvm.so+0x8210d0], sa_mask[0]=0x7ffbfeff, sa_flags=0x10000004
SIGTERM: [libjvm.so+0x8210d0], sa_mask[0]=0x7ffbfeff, sa_flags=0x10000004
SIGQUIT: [libjvm.so+0x8210d0], sa_mask[0]=0x7ffbfeff, sa_flags=0x10000004


---------------  S Y S T E M  ---------------

OS:jessie/sid

uname:Linux 3.13.0-100-generic #147-Ubuntu SMP Tue Oct 18 16:48:51 UTC 2016 x86_64
libc:glibc 2.19 NPTL 2.19 
rlimit: STACK 8192k, CORE 0k, NPROC 126986, NOFILE 4096, AS infinity
load average:0.31 0.56 0.49

/proc/meminfo:
MemTotal:       16275980 kB
MemFree:         8290672 kB
Buffers:          264704 kB
Cached:          5787944 kB
SwapCached:            0 kB
Active:          4836356 kB
Inactive:        2382984 kB
Active(anon):    1092984 kB
Inactive(anon):   109488 kB
Active(file):    3743372 kB
Inactive(file):  2273496 kB
Unevictable:       65288 kB
Mlocked:           65288 kB
SwapTotal:       2047996 kB
SwapFree:        2047996 kB
Dirty:               184 kB
Writeback:             0 kB
AnonPages:       1234208 kB
Mapped:            91684 kB
Shmem:             29384 kB
Slab:             540396 kB
SReclaimable:     508184 kB
SUnreclaim:        32212 kB
KernelStack:        3480 kB
PageTables:        16308 kB
NFS_Unstable:          0 kB
Bounce:                0 kB
WritebackTmp:          0 kB
CommitLimit:    10185984 kB
Committed_AS:    2824792 kB
VmallocTotal:   34359738367 kB
VmallocUsed:      370456 kB
VmallocChunk:   34359332992 kB
HardwareCorrupted:     0 kB
AnonHugePages:    978944 kB
HugePages_Total:       0
HugePages_Free:        0
HugePages_Rsvd:        0
HugePages_Surp:        0
Hugepagesize:       2048 kB
DirectMap4k:       94064 kB
DirectMap2M:    16525312 kB


CPU:total 8 (4 cores per cpu, 2 threads per core) family 6 model 58 stepping 9, cmov, cx8, fxsr, mmx, sse, sse2, sse3, ssse3, sse4.1, sse4.2, popcnt, avx, aes, erms, ht, tsc, tscinvbit, tscinv

/proc/cpuinfo:
processor	: 0
vendor_id	: GenuineIntel
cpu family	: 6
model		: 58
model name	: Intel(R) Core(TM) i7-3610QE CPU @ 2.30GHz
stepping	: 9
microcode	: 0x12
cpu MHz		: 2301.000
cache size	: 6144 KB
physical id	: 0
siblings	: 8
core id		: 0
cpu cores	: 4
apicid		: 0
initial apicid	: 0
fpu		: yes
fpu_exception	: yes
cpuid level	: 13
wp		: yes
flags		: fpu vme de pse tsc msr pae mce cx8 apic sep mtrr pge mca cmov pat pse36 clflush dts acpi mmx fxsr sse sse2 ss ht tm pbe syscall nx rdtscp lm constant_tsc arch_perfmon pebs bts rep_good nopl xtopology nonstop_tsc aperfmperf eagerfpu pni pclmulqdq dtes64 monitor ds_cpl vmx smx est tm2 ssse3 cx16 xtpr pdcm pcid sse4_1 sse4_2 x2apic popcnt tsc_deadline_timer aes xsave avx f16c rdrand lahf_lm ida arat epb xsaveopt pln pts dtherm tpr_shadow vnmi flexpriority ept vpid fsgsbase smep erms
bogomips	: 4589.77
clflush size	: 64
cache_alignment	: 64
address sizes	: 36 bits physical, 48 bits virtual
power management:

processor	: 1
vendor_id	: GenuineIntel
cpu family	: 6
model		: 58
model name	: Intel(R) Core(TM) i7-3610QE CPU @ 2.30GHz
stepping	: 9
microcode	: 0x12
cpu MHz		: 2301.000
cache size	: 6144 KB
physical id	: 0
siblings	: 8
core id		: 0
cpu cores	: 4
apicid		: 1
initial apicid	: 1
fpu		: yes
fpu_exception	: yes
cpuid level	: 13
wp		: yes
flags		: fpu vme de pse tsc msr pae mce cx8 apic sep mtrr pge mca cmov pat pse36 clflush dts acpi mmx fxsr sse sse2 ss ht tm pbe syscall nx rdtscp lm constant_tsc arch_perfmon pebs bts rep_good nopl xtopology nonstop_tsc aperfmperf eagerfpu pni pclmulqdq dtes64 monitor ds_cpl vmx smx est tm2 ssse3 cx16 xtpr pdcm pcid sse4_1 sse4_2 x2apic popcnt tsc_deadline_timer aes xsave avx f16c rdrand lahf_lm ida arat epb xsaveopt pln pts dtherm tpr_shadow vnmi flexpriority ept vpid fsgsbase smep erms
bogomips	: 4589.77
clflush size	: 64
cache_alignment	: 64
address sizes	: 36 bits physical, 48 bits virtual
power management:

processor	: 2
vendor_id	: GenuineIntel
cpu family	: 6
model		: 58
model name	: Intel(R) Core(TM) i7-3610QE CPU @ 2.30GHz
stepping	: 9
microcode	: 0x12
cpu MHz		: 2301.000
cache size	: 6144 KB
physical id	: 0
siblings	: 8
core id		: 1
cpu cores	: 4
apicid		: 2
initial apicid	: 2
fpu		: yes
fpu_exception	: yes
cpuid level	: 13
wp		: yes
flags		: fpu vme de pse tsc msr pae mce cx8 apic sep mtrr pge mca cmov pat pse36 clflush dts acpi mmx fxsr sse sse2 ss ht tm pbe syscall nx rdtscp lm constant_tsc arch_perfmon pebs bts rep_good nopl xtopology nonstop_tsc aperfmperf eagerfpu pni pclmulqdq dtes64 monitor ds_cpl vmx smx est tm2 ssse3 cx16 xtpr pdcm pcid sse4_1 sse4_2 x2apic popcnt tsc_deadline_timer aes xsave avx f16c rdrand lahf_lm ida arat epb xsaveopt pln pts dtherm tpr_shadow vnmi flexpriority ept vpid fsgsbase smep erms
bogomips	: 4589.77
clflush size	: 64
cache_alignment	: 64
address sizes	: 36 bits physical, 48 bits virtual
power management:

processor	: 3
vendor_id	: GenuineIntel
cpu family	: 6
model		: 58
model name	: Intel(R) Core(TM) i7-3610QE CPU @ 2.30GHz
stepping	: 9
microcode	: 0x12
cpu MHz		: 2301.000
cache size	: 6144 KB
physical id	: 0
siblings	: 8
core id		: 1
cpu cores	: 4
apicid		: 3
initial apicid	: 3
fpu		: yes
fpu_exception	: yes
cpuid level	: 13
wp		: yes
flags		: fpu vme de pse tsc msr pae mce cx8 apic sep mtrr pge mca cmov pat pse36 clflush dts acpi mmx fxsr sse sse2 ss ht tm pbe syscall nx rdtscp lm constant_tsc arch_perfmon pebs bts rep_good nopl xtopology nonstop_tsc aperfmperf eagerfpu pni pclmulqdq dtes64 monitor ds_cpl vmx smx est tm2 ssse3 cx16 xtpr pdcm pcid sse4_1 sse4_2 x2apic popcnt tsc_deadline_timer aes xsave avx f16c rdrand lahf_lm ida arat epb xsaveopt pln pts dtherm tpr_shadow vnmi flexpriority ept vpid fsgsbase smep erms
bogomips	: 4589.77
clflush size	: 64
cache_alignment	: 64
address sizes	: 36 bits physical, 48 bits virtual
power management:

processor	: 4
vendor_id	: GenuineIntel
cpu family	: 6
model		: 58
model name	: Intel(R) Core(TM) i7-3610QE CPU @ 2.30GHz
stepping	: 9
microcode	: 0x12
cpu MHz		: 2301.000
cache size	: 6144 KB
physical id	: 0
siblings	: 8
core id		: 2
cpu cores	: 4
apicid		: 4
initial apicid	: 4
fpu		: yes
fpu_exception	: yes
cpuid level	: 13
wp		: yes
flags		: fpu vme de pse tsc msr pae mce cx8 apic sep mtrr pge mca cmov pat pse36 clflush dts acpi mmx fxsr sse sse2 ss ht tm pbe syscall nx rdtscp lm constant_tsc arch_perfmon pebs bts rep_good nopl xtopology nonstop_tsc aperfmperf eagerfpu pni pclmulqdq dtes64 monitor ds_cpl vmx smx est tm2 ssse3 cx16 xtpr pdcm pcid sse4_1 sse4_2 x2apic popcnt tsc_deadline_timer aes xsave avx f16c rdrand lahf_lm ida arat epb xsaveopt pln pts dtherm tpr_shadow vnmi flexpriority ept vpid fsgsbase smep erms
bogomips	: 4589.77
clflush size	: 64
cache_alignment	: 64
address sizes	: 36 bits physical, 48 bits virtual
power management:

processor	: 5
vendor_id	: GenuineIntel
cpu family	: 6
model		: 58
model name	: Intel(R) Core(TM) i7-3610QE CPU @ 2.30GHz
stepping	: 9
microcode	: 0x12
cpu MHz		: 2301.000
cache size	: 6144 KB
physical id	: 0
siblings	: 8
core id		: 2
cpu cores	: 4
apicid		: 5
initial apicid	: 5
fpu		: yes
fpu_exception	: yes
cpuid level	: 13
wp		: yes
flags		: fpu vme de pse tsc msr pae mce cx8 apic sep mtrr pge mca cmov pat pse36 clflush dts acpi mmx fxsr sse sse2 ss ht tm pbe syscall nx rdtscp lm constant_tsc arch_perfmon pebs bts rep_good nopl xtopology nonstop_tsc aperfmperf eagerfpu pni pclmulqdq dtes64 monitor ds_cpl vmx smx est tm2 ssse3 cx16 xtpr pdcm pcid sse4_1 sse4_2 x2apic popcnt tsc_deadline_timer aes xsave avx f16c rdrand lahf_lm ida arat epb xsaveopt pln pts dtherm tpr_shadow vnmi flexpriority ept vpid fsgsbase smep erms
bogomips	: 4589.77
clflush size	: 64
cache_alignment	: 64
address sizes	: 36 bits physical, 48 bits virtual
power management:

processor	: 6
vendor_id	: GenuineIntel
cpu family	: 6
model		: 58
model name	: Intel(R) Core(TM) i7-3610QE CPU @ 2.30GHz
stepping	: 9
microcode	: 0x12
cpu MHz		: 2301.000
cache size	: 6144 KB
physical id	: 0
siblings	: 8
core id		: 3
cpu cores	: 4
apicid		: 6
initial apicid	: 6
fpu		: yes
fpu_exception	: yes
cpuid level	: 13
wp		: yes
flags		: fpu vme de pse tsc msr pae mce cx8 apic sep mtrr pge mca cmov pat pse36 clflush dts acpi mmx fxsr sse sse2 ss ht tm pbe syscall nx rdtscp lm constant_tsc arch_perfmon pebs bts rep_good nopl xtopology nonstop_tsc aperfmperf eagerfpu pni pclmulqdq dtes64 monitor ds_cpl vmx smx est tm2 ssse3 cx16 xtpr pdcm pcid sse4_1 sse4_2 x2apic popcnt tsc_deadline_timer aes xsave avx f16c rdrand lahf_lm ida arat epb xsaveopt pln pts dtherm tpr_shadow vnmi flexpriority ept vpid fsgsbase smep erms
bogomips	: 4589.77
clflush size	: 64
cache_alignment	: 64
address sizes	: 36 bits physical, 48 bits virtual
power management:

processor	: 7
vendor_id	: GenuineIntel
cpu family	: 6
model		: 58
model name	: Intel(R) Core(TM) i7-3610QE CPU @ 2.30GHz
stepping	: 9
microcode	: 0x12
cpu MHz		: 2301.000
cache size	: 6144 KB
physical id	: 0
siblings	: 8
core id		: 3
cpu cores	: 4
apicid		: 7
initial apicid	: 7
fpu		: yes
fpu_exception	: yes
cpuid level	: 13
wp		: yes
flags		: fpu vme de pse tsc msr pae mce cx8 apic sep mtrr pge mca cmov pat pse36 clflush dts acpi mmx fxsr sse sse2 ss ht tm pbe syscall nx rdtscp lm constant_tsc arch_perfmon pebs bts rep_good nopl xtopology nonstop_tsc aperfmperf eagerfpu pni pclmulqdq dtes64 monitor ds_cpl vmx smx est tm2 ssse3 cx16 xtpr pdcm pcid sse4_1 sse4_2 x2apic popcnt tsc_deadline_timer aes xsave avx f16c rdrand lahf_lm ida arat epb xsaveopt pln pts dtherm tpr_shadow vnmi flexpriority ept vpid fsgsbase smep erms
bogomips	: 4589.77
clflush size	: 64
cache_alignment	: 64
address sizes	: 36 bits physical, 48 bits virtual
power management:



Memory: 4k page, physical 16275980k(8290672k free), swap 2047996k(2047996k free)

vm_info: Java HotSpot(TM) 64-Bit Server VM (24.80-b11) for linux-amd64 JRE (1.7.0_80-b15), built on Apr 10 2015 19:53:14 by "java_re" with gcc 4.3.0 20080428 (Red Hat 4.3.0-8)

time: Mon Apr 10 15:53:22 2017
elapsed time: 123 seconds

